This file contains any messages produced by compilers while
running configure, to aid debugging if configure makes a mistake.

It was created by seamlessrdp configure 1.0, which was
generated by GNU Autoconf 2.69.  Invocation command line was

  $ ./configure --host=x86_64-w64-mingw32

## --------- ##
## Platform. ##
## --------- ##

hostname = nolinux
uname -m = x86_64
uname -r = 5.3.0-23-generic
uname -s = Linux
uname -v = #25-Ubuntu SMP Tue Nov 12 09:22:33 UTC 2019

/usr/bin/uname -p = unknown
/bin/uname -X     = unknown

/bin/arch              = unknown
/usr/bin/arch -k       = unknown
/usr/convex/getsysinfo = unknown
/usr/bin/hostinfo      = unknown
/bin/machine           = unknown
/usr/bin/oslevel       = unknown
/bin/universe          = unknown

PATH: /home/niikoo/.local/lib/vulkan/1.1.85.0/x86_64/bin
PATH: /home/niikoo/.local/bin
PATH: /home/niikoo/bin
PATH: /usr/local/sbin
PATH: /usr/local/bin
PATH: /usr/sbin
PATH: /usr/bin
PATH: /sbin
PATH: /bin
PATH: /snap/bin
PATH: /usr/games
PATH: /usr/local/games
PATH: /snap
PATH: /snap/core/current/bin
PATH: /usr/lib/jvm/java-8-openjdk-amd64/bin
PATH: /home/niikoo/.dotnet/tools
PATH: /home/niikoo/.antigen/bundles/robbyrussell/oh-my-zsh/lib
PATH: /home/niikoo/.antigen/bundles/robbyrussell/oh-my-zsh/plugins/command-not-found
PATH: /home/niikoo/.antigen/bundles/robbyrussell/oh-my-zsh/plugins/extract
PATH: /home/niikoo/.antigen/bundles/robbyrussell/oh-my-zsh/plugins/pip
PATH: /home/niikoo/.antigen/bundles/robbyrussell/oh-my-zsh/plugins/git
PATH: /home/niikoo/.antigen/bundles/robbyrussell/oh-my-zsh/plugins/docker
PATH: /home/niikoo/.antigen/bundles/zsh-users/zsh-completions
PATH: /home/niikoo/.antigen/bundles/zsh-users/zsh-autosuggestions-master
PATH: /home/niikoo/.antigen/bundles/zsh-users/zsh-syntax-highlighting
PATH: /home/niikoo/.yarn/bin
PATH: /home/niikoo/go
PATH: /cryptohome/niikoo/Projects/go/bin
PATH: /home/linuxbrew/.linuxbrew/bin
PATH: /tmp
PATH: /opt/mssql-tools/bin
PATH: /usr/lib/android-sdk/tools/bin
PATH: /usr/lib/android-sdk/platform-tools
PATH: /media/data/Wine/wtcad
PATH: /cryptohome/niikoo/Projects/seamlessrdp
PATH: /opt/mssql-tools/bin
PATH: /usr/lib/android-sdk/tools/bin
PATH: /usr/lib/android-sdk/platform-tools


## ----------- ##
## Core tests. ##
## ----------- ##

configure:2182: checking for a BSD-compatible install
configure:2250: result: /usr/bin/install -c
configure:2261: checking whether build environment is sane
configure:2316: result: yes
configure:2373: checking for x86_64-w64-mingw32-strip
configure:2389: found /usr/bin/x86_64-w64-mingw32-strip
configure:2400: result: x86_64-w64-mingw32-strip
configure:2465: checking for a thread-safe mkdir -p
configure:2504: result: /bin/mkdir -p
configure:2511: checking for gawk
configure:2527: found /usr/bin/gawk
configure:2538: result: gawk
configure:2549: checking whether make sets $(MAKE)
configure:2571: result: yes
configure:2600: checking whether make supports nested variables
configure:2617: result: yes
configure:2754: checking whether make supports nested variables
configure:2771: result: yes
configure:2791: checking for x86_64-w64-mingw32-gcc
configure:2807: found /usr/bin/x86_64-w64-mingw32-gcc
configure:2818: result: x86_64-w64-mingw32-gcc
configure:3087: checking for C compiler version
configure:3096: x86_64-w64-mingw32-gcc --version >&5
x86_64-w64-mingw32-gcc (GCC) 9.2-win32 20191008
Copyright (C) 2019 Free Software Foundation, Inc.
This is free software; see the source for copying conditions.  There is NO
warranty; not even for MERCHANTABILITY or FITNESS FOR A PARTICULAR PURPOSE.

gamemodeauto: 
configure:3107: $? = 0
configure:3096: x86_64-w64-mingw32-gcc -v >&5
Using built-in specs.
COLLECT_GCC=x86_64-w64-mingw32-gcc
COLLECT_LTO_WRAPPER=/usr/lib/gcc/x86_64-w64-mingw32/9.2-win32/lto-wrapper
Target: x86_64-w64-mingw32
Configured with: ../../src/configure --build=x86_64-linux-gnu --prefix=/usr --includedir='/usr/include' --mandir='/usr/share/man' --infodir='/usr/share/info' --sysconfdir=/etc --localstatedir=/var --disable-silent-rules --libdir='/usr/lib/x86_64-linux-gnu' --libexecdir='/usr/lib/x86_64-linux-gnu' --disable-maintainer-mode --disable-dependency-tracking --prefix=/usr --enable-shared --enable-static --disable-multilib --with-system-zlib --libexecdir=/usr/lib --without-included-gettext --libdir=/usr/lib --enable-libstdcxx-time=yes --with-tune=generic --with-headers=/usr/x86_64-w64-mingw32/include --enable-version-specific-runtime-libs --enable-fully-dynamic-string --enable-libgomp --enable-languages=c,c++,fortran,objc,obj-c++,ada --enable-lto --enable-threads=win32 --program-suffix=-win32 --program-prefix=x86_64-w64-mingw32- --target=x86_64-w64-mingw32 --with-as=/usr/bin/x86_64-w64-mingw32-as --with-ld=/usr/bin/x86_64-w64-mingw32-ld --enable-libatomic --enable-libstdcxx-filesystem-ts=yes --enable-dependency-tracking
Thread model: win32
gcc version 9.2-win32 20191008 (GCC) 
gamemodeauto: 
configure:3107: $? = 0
configure:3096: x86_64-w64-mingw32-gcc -V >&5
x86_64-w64-mingw32-gcc: error: unrecognized command line option '-V'
x86_64-w64-mingw32-gcc: fatal error: no input files
compilation terminated.
gamemodeauto: 
configure:3107: $? = 1
configure:3096: x86_64-w64-mingw32-gcc -qversion >&5
x86_64-w64-mingw32-gcc: error: unrecognized command line option '-qversion'; did you mean '--version'?
x86_64-w64-mingw32-gcc: fatal error: no input files
compilation terminated.
gamemodeauto: 
configure:3107: $? = 1
configure:3127: checking whether the C compiler works
configure:3149: x86_64-w64-mingw32-gcc    conftest.c  >&5
gamemodeauto: 
configure:3153: $? = 0
configure:3201: result: yes
configure:3204: checking for C compiler default output file name
configure:3206: result: a.exe
configure:3212: checking for suffix of executables
configure:3219: x86_64-w64-mingw32-gcc -o conftest.exe    conftest.c  >&5
gamemodeauto: 
configure:3223: $? = 0
configure:3245: result: .exe
configure:3267: checking whether we are cross compiling
configure:3275: x86_64-w64-mingw32-gcc -o conftest.exe    conftest.c  >&5
gamemodeauto: 
configure:3279: $? = 0
configure:3286: ./conftest.exe
run-detectors: unable to find an interpreter for ./conftest.exe
gamemodeauto: 
configure:3290: $? = 2
configure:3278: result: yes
configure:3283: checking for suffix of object files
configure:3305: x86_64-w64-mingw32-gcc -c   conftest.c >&5
gamemodeauto: 
configure:3309: $? = 0
configure:3330: result: o
configure:3334: checking whether we are using the GNU C compiler
configure:3353: x86_64-w64-mingw32-gcc -c   conftest.c >&5
gamemodeauto: 
configure:3353: $? = 0
configure:3362: result: yes
configure:3371: checking whether x86_64-w64-mingw32-gcc accepts -g
configure:3391: x86_64-w64-mingw32-gcc -c -g  conftest.c >&5
gamemodeauto: 
configure:3391: $? = 0
configure: failed program was:
| /* confdefs.h */
| #define PACKAGE_NAME "seamlessrdp"
| #define PACKAGE_TARNAME "seamlessrdp"
| #define PACKAGE_VERSION "1.0"
| #define PACKAGE_STRING "seamlessrdp 1.0"
| #define PACKAGE_BUGREPORT "rdesktop-users@lists.sourceforge.net"
| #define PACKAGE_URL ""
| #define PACKAGE "seamlessrdp"
| #define VERSION "1.0"
| /* end confdefs.h.  */
| 
| int
| main ()
| {
| 
|   ;
|   return 0;
| }
configure:3406: x86_64-w64-mingw32-gcc -c   conftest.c >&5
gamemodeauto: 
configure:3406: $? = 0
configure: failed program was:
| /* confdefs.h */
| #define PACKAGE_NAME "seamlessrdp"
| #define PACKAGE_TARNAME "seamlessrdp"
| #define PACKAGE_VERSION "1.0"
| #define PACKAGE_STRING "seamlessrdp 1.0"
| #define PACKAGE_BUGREPORT "rdesktop-users@lists.sourceforge.net"
| #define PACKAGE_URL ""
| #define PACKAGE "seamlessrdp"
| #define VERSION "1.0"
| /* end confdefs.h.  */
| 
| int
| main ()
| {
| 
|   ;
|   return 0;
| }
configure:3422: x86_64-w64-mingw32-gcc -c -g  conftest.c >&5
gamemodeauto: 
configure:3422: $? = 0
configure:3432: result: yes
configure:3449: checking for x86_64-w64-mingw32-gcc option to accept ISO C89
configure:3512: x86_64-w64-mingw32-gcc  -c -g -O2  conftest.c >&5
gamemodeauto: 
configure:3512: $? = 0
configure:3525: result: none needed
configure:3550: checking whether x86_64-w64-mingw32-gcc understands -c and -o together
configure:3572: x86_64-w64-mingw32-gcc -c conftest.c -o conftest2.o
configure:3575: $? = 0
configure:3572: x86_64-w64-mingw32-gcc -c conftest.c -o conftest2.o
configure:3575: $? = 0
configure:3587: result: yes
configure:3607: checking whether make supports the include directive
configure:3622: make -f confmf.GNU && cat confinc.out
this is the am__doit target
gamemodeauto: 
configure:3625: $? = 0
configure:3644: result: yes (GNU style)
configure:3669: checking dependency style of x86_64-w64-mingw32-gcc
configure:3780: result: gcc3
configure:3827: checking build system type
configure:3841: result: x86_64-pc-linux-gnu
configure:3861: checking host system type
configure:3874: result: x86_64-w64-mingw32
configure:3915: checking how to print strings
configure:3942: result: printf
configure:3963: checking for a sed that does not truncate output
configure:4027: result: /bin/sed
configure:4045: checking for grep that handles long lines and -e
configure:4103: result: /bin/grep
configure:4108: checking for egrep
configure:4170: result: /bin/grep -E
configure:4175: checking for fgrep
configure:4237: result: /bin/grep -F
configure:4272: checking for ld used by x86_64-w64-mingw32-gcc
configure:4339: result: /usr/bin/x86_64-w64-mingw32-ld
configure:4346: checking if the linker (/usr/bin/x86_64-w64-mingw32-ld) is GNU ld
configure:4361: result: yes
configure:4373: checking for BSD- or MS-compatible name lister (nm)
configure:4427: result: /usr/bin/x86_64-w64-mingw32-nm -B
configure:4557: checking the name lister (/usr/bin/x86_64-w64-mingw32-nm -B) interface
configure:4564: x86_64-w64-mingw32-gcc -c -g -O2 -Wall  conftest.c >&5
configure:4567: /usr/bin/x86_64-w64-mingw32-nm -B "conftest.o"
configure:4570: output
0000000000000000 b .bss
0000000000000000 d .data
0000000000000000 N .debug_abbrev
0000000000000000 N .debug_aranges
0000000000000000 N .debug_info
0000000000000000 N .debug_line
0000000000000000 r .rdata$zzz
0000000000000000 t .text
0000000000000000 B some_variable
configure:4571: result: BSD nm
configure:4574: checking whether ln -s works
configure:4578: result: yes
configure:4586: checking the maximum length of command line arguments
configure:4717: result: 1572864
configure:4765: checking how to convert x86_64-pc-linux-gnu file names to x86_64-w64-mingw32 format
configure:4805: result: func_convert_file_nix_to_w32
configure:4812: checking how to convert x86_64-pc-linux-gnu file names to toolchain format
configure:4832: result: func_convert_file_noop
configure:4839: checking for /usr/bin/x86_64-w64-mingw32-ld option to reload object files
configure:4846: result: -r
configure:4880: checking for x86_64-w64-mingw32-objdump
configure:4896: found /usr/bin/x86_64-w64-mingw32-objdump
configure:4907: result: x86_64-w64-mingw32-objdump
configure:4979: checking how to recognize dependent libraries
configure:5179: result: file_magic ^x86 archive import|^x86 DLL
configure:5224: checking for x86_64-w64-mingw32-dlltool
configure:5240: found /usr/bin/x86_64-w64-mingw32-dlltool
configure:5251: result: x86_64-w64-mingw32-dlltool
configure:5324: checking how to associate runtime and link libraries
configure:5351: result: func_cygming_dll_for_implib
configure:5368: checking for x86_64-w64-mingw32-ar
configure:5384: found /usr/bin/x86_64-w64-mingw32-ar
configure:5395: result: x86_64-w64-mingw32-ar
configure:5476: checking for archiver @FILE support
configure:5493: x86_64-w64-mingw32-gcc -c -g -O2 -Wall  conftest.c >&5
gamemodeauto: 
configure:5493: $? = 0
configure:5496: x86_64-w64-mingw32-ar cru libconftest.a @conftest.lst >&5
x86_64-w64-mingw32-ar: `u' modifier ignored since `D' is the default (see `U')
gamemodeauto: 
configure:5499: $? = 0
configure:5504: x86_64-w64-mingw32-ar cru libconftest.a @conftest.lst >&5
x86_64-w64-mingw32-ar: `u' modifier ignored since `D' is the default (see `U')
x86_64-w64-mingw32-ar: conftest.o: No such file or directory
gamemodeauto: 
configure:5507: $? = 1
configure:5506: result: @
configure:5524: checking for x86_64-w64-mingw32-strip
configure:5551: result: x86_64-w64-mingw32-strip
configure:5623: checking for x86_64-w64-mingw32-ranlib
configure:5639: found /usr/bin/x86_64-w64-mingw32-ranlib
configure:5650: result: x86_64-w64-mingw32-ranlib
configure:5792: checking command to parse /usr/bin/x86_64-w64-mingw32-nm -B output from x86_64-w64-mingw32-gcc object
configure:5945: x86_64-w64-mingw32-gcc -c -g -O2 -Wall  conftest.c >&5
gamemodeauto: 
configure:5948: $? = 0
configure:5952: /usr/bin/x86_64-w64-mingw32-nm -B conftest.o | sed -n -e 's/^.*[	 ]\([ABCDGIRSTW][ABCDGIRSTW]*\)[	 ][	 ]*\([_A-Za-z][_A-Za-z0-9]*\)$/\1 \2 \2/p' | sed '/ __gnu_lto/d' > conftest.nm
configure:6018: x86_64-w64-mingw32-gcc -o conftest.exe -g -O2 -Wall   conftest.c conftstm.o >&5
gamemodeauto: 
configure:6021: $? = 0
configure:6059: result: ok
configure:6106: checking for sysroot
configure:6136: result: no
configure:6143: checking for a working dd
configure:6181: result: /bin/dd
configure:6185: checking how to truncate binary pipes
configure:6200: result: /bin/dd bs=4096 count=1
configure:6489: checking for x86_64-w64-mingw32-mt
configure:6519: result: no
configure:6529: checking for mt
configure:6545: found /bin/mt
configure:6556: result: mt
configure:6568: WARNING: using cross tools not prefixed with host triplet
configure:6579: checking if mt is a manifest tool
configure:6585: mt '-?'
configure:6593: result: no
configure:7270: checking how to run the C preprocessor
configure:7301: x86_64-w64-mingw32-gcc -E  conftest.c
gamemodeauto: 
configure:7301: $? = 0
configure:7315: x86_64-w64-mingw32-gcc -E  conftest.c
conftest.c:11:10: fatal error: ac_nonexistent.h: No such file or directory
   11 | #include <ac_nonexistent.h>
      |          ^~~~~~~~~~~~~~~~~~
compilation terminated.
gamemodeauto: 
configure:7315: $? = 1
configure: failed program was:
| /* confdefs.h */
| #define PACKAGE_NAME "seamlessrdp"
| #define PACKAGE_TARNAME "seamlessrdp"
| #define PACKAGE_VERSION "1.0"
| #define PACKAGE_STRING "seamlessrdp 1.0"
| #define PACKAGE_BUGREPORT "rdesktop-users@lists.sourceforge.net"
| #define PACKAGE_URL ""
| #define PACKAGE "seamlessrdp"
| #define VERSION "1.0"
| /* end confdefs.h.  */
| #include <ac_nonexistent.h>
configure:7340: result: x86_64-w64-mingw32-gcc -E
configure:7360: x86_64-w64-mingw32-gcc -E  conftest.c
gamemodeauto: 
configure:7360: $? = 0
configure:7374: x86_64-w64-mingw32-gcc -E  conftest.c
conftest.c:11:10: fatal error: ac_nonexistent.h: No such file or directory
   11 | #include <ac_nonexistent.h>
      |          ^~~~~~~~~~~~~~~~~~
compilation terminated.
gamemodeauto: 
configure:7374: $? = 1
configure: failed program was:
| /* confdefs.h */
| #define PACKAGE_NAME "seamlessrdp"
| #define PACKAGE_TARNAME "seamlessrdp"
| #define PACKAGE_VERSION "1.0"
| #define PACKAGE_STRING "seamlessrdp 1.0"
| #define PACKAGE_BUGREPORT "rdesktop-users@lists.sourceforge.net"
| #define PACKAGE_URL ""
| #define PACKAGE "seamlessrdp"
| #define VERSION "1.0"
| /* end confdefs.h.  */
| #include <ac_nonexistent.h>
configure:7403: checking for ANSI C header files
configure:7423: x86_64-w64-mingw32-gcc -c -g -O2 -Wall  conftest.c >&5
gamemodeauto: 
configure:7423: $? = 0
gamemodeauto: 
gamemodeauto: 
configure:7507: result: yes
configure:7520: checking for sys/types.h
configure:7520: x86_64-w64-mingw32-gcc -c -g -O2 -Wall  conftest.c >&5
gamemodeauto: 
configure:7520: $? = 0
configure:7520: result: yes
configure:7520: checking for sys/stat.h
configure:7520: x86_64-w64-mingw32-gcc -c -g -O2 -Wall  conftest.c >&5
gamemodeauto: 
configure:7520: $? = 0
configure:7520: result: yes
configure:7520: checking for stdlib.h
configure:7520: x86_64-w64-mingw32-gcc -c -g -O2 -Wall  conftest.c >&5
gamemodeauto: 
configure:7520: $? = 0
configure:7520: result: yes
configure:7520: checking for string.h
configure:7520: x86_64-w64-mingw32-gcc -c -g -O2 -Wall  conftest.c >&5
gamemodeauto: 
configure:7520: $? = 0
configure:7520: result: yes
configure:7520: checking for memory.h
configure:7520: x86_64-w64-mingw32-gcc -c -g -O2 -Wall  conftest.c >&5
gamemodeauto: 
configure:7520: $? = 0
configure:7520: result: yes
configure:7520: checking for strings.h
configure:7520: x86_64-w64-mingw32-gcc -c -g -O2 -Wall  conftest.c >&5
gamemodeauto: 
configure:7520: $? = 0
configure:7520: result: yes
configure:7520: checking for inttypes.h
configure:7520: x86_64-w64-mingw32-gcc -c -g -O2 -Wall  conftest.c >&5
gamemodeauto: 
configure:7520: $? = 0
configure:7520: result: yes
configure:7520: checking for stdint.h
configure:7520: x86_64-w64-mingw32-gcc -c -g -O2 -Wall  conftest.c >&5
gamemodeauto: 
configure:7520: $? = 0
configure:7520: result: yes
configure:7520: checking for unistd.h
configure:7520: x86_64-w64-mingw32-gcc -c -g -O2 -Wall  conftest.c >&5
gamemodeauto: 
configure:7520: $? = 0
configure:7520: result: yes
configure:7534: checking for dlfcn.h
configure:7534: x86_64-w64-mingw32-gcc -c -g -O2 -Wall  conftest.c >&5
conftest.c:55:10: fatal error: dlfcn.h: No such file or directory
   55 | #include <dlfcn.h>
      |          ^~~~~~~~~
compilation terminated.
gamemodeauto: 
configure:7534: $? = 1
configure: failed program was:
| /* confdefs.h */
| #define PACKAGE_NAME "seamlessrdp"
| #define PACKAGE_TARNAME "seamlessrdp"
| #define PACKAGE_VERSION "1.0"
| #define PACKAGE_STRING "seamlessrdp 1.0"
| #define PACKAGE_BUGREPORT "rdesktop-users@lists.sourceforge.net"
| #define PACKAGE_URL ""
| #define PACKAGE "seamlessrdp"
| #define VERSION "1.0"
| #define STDC_HEADERS 1
| #define HAVE_SYS_TYPES_H 1
| #define HAVE_SYS_STAT_H 1
| #define HAVE_STDLIB_H 1
| #define HAVE_STRING_H 1
| #define HAVE_MEMORY_H 1
| #define HAVE_STRINGS_H 1
| #define HAVE_INTTYPES_H 1
| #define HAVE_STDINT_H 1
| #define HAVE_UNISTD_H 1
| /* end confdefs.h.  */
| #include <stdio.h>
| #ifdef HAVE_SYS_TYPES_H
| # include <sys/types.h>
| #endif
| #ifdef HAVE_SYS_STAT_H
| # include <sys/stat.h>
| #endif
| #ifdef STDC_HEADERS
| # include <stdlib.h>
| # include <stddef.h>
| #else
| # ifdef HAVE_STDLIB_H
| #  include <stdlib.h>
| # endif
| #endif
| #ifdef HAVE_STRING_H
| # if !defined STDC_HEADERS && defined HAVE_MEMORY_H
| #  include <memory.h>
| # endif
| # include <string.h>
| #endif
| #ifdef HAVE_STRINGS_H
| # include <strings.h>
| #endif
| #ifdef HAVE_INTTYPES_H
| # include <inttypes.h>
| #endif
| #ifdef HAVE_STDINT_H
| # include <stdint.h>
| #endif
| #ifdef HAVE_UNISTD_H
| # include <unistd.h>
| #endif
| 
| #include <dlfcn.h>
configure:7534: result: no
configure:7790: checking for objdir
configure:7805: result: .libs
configure:8065: checking if x86_64-w64-mingw32-gcc supports -fno-rtti -fno-exceptions
configure:8083: x86_64-w64-mingw32-gcc -c -g -O2 -Wall  -fno-rtti -fno-exceptions conftest.c >&5
cc1: warning: command line option '-fno-rtti' is valid for C++/D/ObjC++ but not for C
configure:8087: $? = 0
configure:8100: result: no
configure:8464: checking for x86_64-w64-mingw32-gcc option to produce PIC
configure:8471: result: -DDLL_EXPORT -DPIC
configure:8479: checking if x86_64-w64-mingw32-gcc PIC flag -DDLL_EXPORT -DPIC works
configure:8497: x86_64-w64-mingw32-gcc -c -g -O2 -Wall  -DDLL_EXPORT -DPIC -DPIC conftest.c >&5
configure:8501: $? = 0
configure:8514: result: yes
configure:8543: checking if x86_64-w64-mingw32-gcc static flag -static works
configure:8571: result: yes
configure:8586: checking if x86_64-w64-mingw32-gcc supports -c -o file.o
configure:8607: x86_64-w64-mingw32-gcc -c -g -O2 -Wall  -o out/conftest2.o conftest.c >&5
configure:8611: $? = 0
configure:8633: result: yes
configure:8641: checking if x86_64-w64-mingw32-gcc supports -c -o file.o
configure:8688: result: yes
configure:8721: checking whether the x86_64-w64-mingw32-gcc linker (/usr/bin/x86_64-w64-mingw32-ld) supports shared libraries
configure:9984: result: yes
configure:10021: checking whether -lc should be explicitly linked in
configure:10029: x86_64-w64-mingw32-gcc -c -g -O2 -Wall  conftest.c >&5
gamemodeauto: 
configure:10032: $? = 0
configure:10047: x86_64-w64-mingw32-gcc -shared conftest.o  -v -o ./conftest -Wl,--enable-auto-image-base -Xlinker --out-implib -Xlinker conftest 2\>\&1 \| /bin/grep  -lc  \>/dev/null 2\>\&1
gamemodeauto: 
configure:10050: $? = 1
configure:10064: result: yes
configure:10224: checking dynamic linker characteristics
configure:11054: result: Win32 ld.exe
configure:11176: checking how to hardcode library paths into programs
configure:11201: result: immediate
configure:11749: checking whether stripping libraries is possible
configure:11754: result: yes
configure:11789: checking if libtool supports shared libraries
configure:11791: result: yes
configure:11794: checking whether to build shared libraries
configure:11819: result: yes
configure:11822: checking whether to build static libraries
configure:11826: result: yes
configure:8674: checking for x86_64-w64-mingw32-as
configure:8690: found /usr/bin/x86_64-w64-mingw32-as
configure:8701: result: x86_64-w64-mingw32-as
configure:8766: checking for x86_64-w64-mingw32-dlltool
configure:8793: result: x86_64-w64-mingw32-dlltool
configure:8858: checking for x86_64-w64-mingw32-objdump
configure:8885: result: x86_64-w64-mingw32-objdump
configure:9104: checking that generated files are newer than configure
configure:9110: result: done
configure:9141: creating ./config.status

## ---------------------- ##
## Running config.status. ##
## ---------------------- ##

This file was extended by seamlessrdp config.status 1.0, which was
generated by GNU Autoconf 2.69.  Invocation command line was

  CONFIG_FILES    = 
  CONFIG_HEADERS  = 
  CONFIG_LINKS    = 
  CONFIG_COMMANDS = 
  $ ./config.status 

on nolinux

config.status:1022: creating Makefile
config.status:1194: executing depfiles commands
config.status:1271: cd .       && sed -e '/# am--include-marker/d' Makefile         | make -f - am--depfiles
make: Nothing to be done for 'am--depfiles'.
gamemodeauto: 
config.status:1276: $? = 0
config.status:1194: executing libtool commands

## ---------------- ##
## Cache variables. ##
## ---------------- ##

ac_cv_build=x86_64-pc-linux-gnu
ac_cv_c_compiler_gnu=yes
ac_cv_env_CC_set=
ac_cv_env_CC_value=
ac_cv_env_CFLAGS_set=
ac_cv_env_CFLAGS_value=
ac_cv_env_CPPFLAGS_set=
ac_cv_env_CPPFLAGS_value=
ac_cv_env_CPP_set=
ac_cv_env_CPP_value=
ac_cv_env_LDFLAGS_set=
ac_cv_env_LDFLAGS_value=
ac_cv_env_LIBS_set=
ac_cv_env_LIBS_value=
ac_cv_env_LT_SYS_LIBRARY_PATH_set=
ac_cv_env_LT_SYS_LIBRARY_PATH_value=
ac_cv_env_build_alias_set=
ac_cv_env_build_alias_value=
ac_cv_env_host_alias_set=set
ac_cv_env_host_alias_value=x86_64-w64-mingw32
ac_cv_env_target_alias_set=
ac_cv_env_target_alias_value=
ac_cv_exeext=.exe
ac_cv_header_dlfcn_h=no
ac_cv_header_inttypes_h=yes
ac_cv_header_memory_h=yes
ac_cv_header_stdc=yes
ac_cv_header_stdint_h=yes
ac_cv_header_stdlib_h=yes
ac_cv_header_string_h=yes
ac_cv_header_strings_h=yes
ac_cv_header_sys_stat_h=yes
ac_cv_header_sys_types_h=yes
ac_cv_header_unistd_h=yes
ac_cv_host=x86_64-w64-mingw32
ac_cv_objext=o
ac_cv_path_EGREP='/bin/grep -E'
ac_cv_path_FGREP='/bin/grep -F'
ac_cv_path_GREP=/bin/grep
ac_cv_path_SED=/bin/sed
ac_cv_path_install='/usr/bin/install -c'
ac_cv_path_lt_DD=/bin/dd
ac_cv_path_mkdir=/bin/mkdir
ac_cv_prog_AR=x86_64-w64-mingw32-ar
ac_cv_prog_AS=x86_64-w64-mingw32-as
ac_cv_prog_AWK=gawk
ac_cv_prog_CC=x86_64-w64-mingw32-gcc
ac_cv_prog_CPP='x86_64-w64-mingw32-gcc -E'
ac_cv_prog_DLLTOOL=x86_64-w64-mingw32-dlltool
ac_cv_prog_OBJDUMP=x86_64-w64-mingw32-objdump
ac_cv_prog_RANLIB=x86_64-w64-mingw32-ranlib
ac_cv_prog_STRIP=x86_64-w64-mingw32-strip
ac_cv_prog_ac_ct_MANIFEST_TOOL=mt
ac_cv_prog_cc_c89=
ac_cv_prog_cc_g=yes
ac_cv_prog_make_make_set=yes
am_cv_CC_dependencies_compiler_type=gcc3
am_cv_make_support_nested_variables=yes
am_cv_prog_cc_c_o=yes
lt_cv_ar_at_file=@
lt_cv_archive_cmds_need_lc=yes
lt_cv_deplibs_check_method='file_magic ^x86 archive import|^x86 DLL'
lt_cv_file_magic_cmd=func_win32_libid
lt_cv_file_magic_test_file=
lt_cv_ld_reload_flag=-r
lt_cv_nm_interface='BSD nm'
lt_cv_objdir=.libs
lt_cv_path_LD=/usr/bin/x86_64-w64-mingw32-ld
lt_cv_path_NM='/usr/bin/x86_64-w64-mingw32-nm -B'
lt_cv_path_mainfest_tool=no
lt_cv_prog_compiler_c_o=yes
lt_cv_prog_compiler_pic='-DDLL_EXPORT -DPIC'
lt_cv_prog_compiler_pic_works=yes
lt_cv_prog_compiler_rtti_exceptions=no
lt_cv_prog_compiler_static_works=yes
lt_cv_prog_gnu_ld=yes
lt_cv_sharedlib_from_linklib_cmd=func_cygming_dll_for_implib
lt_cv_sys_global_symbol_pipe='sed -n -e '\''s/^.*[	 ]\([ABCDGIRSTW][ABCDGIRSTW]*\)[	 ][	 ]*\([_A-Za-z][_A-Za-z0-9]*\)$/\1 \2 \2/p'\'' | sed '\''/ __gnu_lto/d'\'''
lt_cv_sys_global_symbol_to_c_name_address='sed -n -e '\''s/^: \(.*\) .*$/  {"\1", (void *) 0},/p'\'' -e '\''s/^[ABCDGIRSTW][ABCDGIRSTW]* .* \(.*\)$/  {"\1", (void *) \&\1},/p'\'''
lt_cv_sys_global_symbol_to_c_name_address_lib_prefix='sed -n -e '\''s/^: \(.*\) .*$/  {"\1", (void *) 0},/p'\'' -e '\''s/^[ABCDGIRSTW][ABCDGIRSTW]* .* \(lib.*\)$/  {"\1", (void *) \&\1},/p'\'' -e '\''s/^[ABCDGIRSTW][ABCDGIRSTW]* .* \(.*\)$/  {"lib\1", (void *) \&\1},/p'\'''
lt_cv_sys_global_symbol_to_cdecl='sed -n -e '\''s/^T .* \(.*\)$/extern int \1();/p'\'' -e '\''s/^[ABCDGIRSTW][ABCDGIRSTW]* .* \(.*\)$/extern char \1;/p'\'''
lt_cv_sys_global_symbol_to_import=
lt_cv_sys_max_cmd_len=1572864
lt_cv_to_host_file_cmd=func_convert_file_nix_to_w32
lt_cv_to_tool_file_cmd=func_convert_file_noop
lt_cv_truncate_bin='/bin/dd bs=4096 count=1'

## ----------------- ##
## Output variables. ##
## ----------------- ##

ACLOCAL='${SHELL} /cryptohome/niikoo/Projects/seamlessrdp/ServerExe/missing aclocal-1.16'
AMDEPBACKSLASH='\'
AMDEP_FALSE='#'
AMDEP_TRUE=''
AMTAR='$${TAR-tar}'
AM_BACKSLASH='\'
AM_DEFAULT_V='$(AM_DEFAULT_VERBOSITY)'
AM_DEFAULT_VERBOSITY='0'
AM_V='$(V)'
AR='x86_64-w64-mingw32-ar'
AS='x86_64-w64-mingw32-as'
AUTOCONF='${SHELL} /cryptohome/niikoo/Projects/seamlessrdp/ServerExe/missing autoconf'
AUTOHEADER='${SHELL} /cryptohome/niikoo/Projects/seamlessrdp/ServerExe/missing autoheader'
AUTOMAKE='${SHELL} /cryptohome/niikoo/Projects/seamlessrdp/ServerExe/missing automake-1.16'
AWK='gawk'
CC='x86_64-w64-mingw32-gcc'
CCDEPMODE='depmode=gcc3'
CFLAGS='-g -O2 -Wall'
CPP='x86_64-w64-mingw32-gcc -E'
CPPFLAGS=''
CYGPATH_W='echo'
DEFS='-DPACKAGE_NAME=\"seamlessrdp\" -DPACKAGE_TARNAME=\"seamlessrdp\" -DPACKAGE_VERSION=\"1.0\" -DPACKAGE_STRING=\"seamlessrdp\ 1.0\" -DPACKAGE_BUGREPORT=\"rdesktop-users@lists.sourceforge.net\" -DPACKAGE_URL=\"\" -DPACKAGE=\"seamlessrdp\" -DVERSION=\"1.0\" -DSTDC_HEADERS=1 -DHAVE_SYS_TYPES_H=1 -DHAVE_SYS_STAT_H=1 -DHAVE_STDLIB_H=1 -DHAVE_STRING_H=1 -DHAVE_MEMORY_H=1 -DHAVE_STRINGS_H=1 -DHAVE_INTTYPES_H=1 -DHAVE_STDINT_H=1 -DHAVE_UNISTD_H=1 -DLT_OBJDIR=\".libs/\"'
DEPDIR='.deps'
DLLTOOL='x86_64-w64-mingw32-dlltool'
DSYMUTIL=''
DUMPBIN=''
ECHO_C=''
ECHO_N='-n'
ECHO_T=''
EGREP='/bin/grep -E'
EXEEXT='.exe'
FGREP='/bin/grep -F'
GREP='/bin/grep'
INSTALL_DATA='${INSTALL} -m 644'
INSTALL_PROGRAM='${INSTALL}'
INSTALL_SCRIPT='${INSTALL}'
INSTALL_STRIP_PROGRAM='$(install_sh) -c -s'
LD='/usr/bin/x86_64-w64-mingw32-ld'
LDFLAGS=''
LIBOBJS=''
LIBS=''
LIBTOOL='$(SHELL) $(top_builddir)/libtool'
LIPO=''
LN_S='ln -s'
LTLIBOBJS=''
LT_SYS_LIBRARY_PATH=''
MAKEINFO='${SHELL} /cryptohome/niikoo/Projects/seamlessrdp/ServerExe/missing makeinfo'
MANIFEST_TOOL=':'
MKDIR_P='/bin/mkdir -p'
NM='/usr/bin/x86_64-w64-mingw32-nm -B'
NMEDIT=''
OBJDUMP='x86_64-w64-mingw32-objdump'
OBJEXT='o'
OS_IS_WIN32_FALSE=''
OS_IS_WIN32_TRUE='#'
OS_IS_WIN64_FALSE='#'
OS_IS_WIN64_TRUE=''
OTOOL64=''
OTOOL=''
PACKAGE='seamlessrdp'
PACKAGE_BUGREPORT='rdesktop-users@lists.sourceforge.net'
PACKAGE_NAME='seamlessrdp'
PACKAGE_STRING='seamlessrdp 1.0'
PACKAGE_TARNAME='seamlessrdp'
PACKAGE_URL=''
PACKAGE_VERSION='1.0'
PATH_SEPARATOR=':'
RANLIB='x86_64-w64-mingw32-ranlib'
SED='/bin/sed'
SET_MAKE=''
SHELL='/bin/bash'
STRIP='x86_64-w64-mingw32-strip'
VERSION='1.0'
ac_ct_AR=''
ac_ct_CC=''
ac_ct_DUMPBIN=''
am__EXEEXT_FALSE='#'
am__EXEEXT_TRUE=''
am__fastdepCC_FALSE='#'
am__fastdepCC_TRUE=''
am__include='include'
am__isrc=''
am__leading_dot='.'
am__nodep='_no'
am__quote=''
am__tar='$${TAR-tar} chof - "$$tardir"'
am__untar='$${TAR-tar} xf -'
bindir='${exec_prefix}/bin'
build='x86_64-pc-linux-gnu'
build_alias=''
build_cpu='x86_64'
build_os='linux-gnu'
build_vendor='pc'
datadir='${datarootdir}'
datarootdir='${prefix}/share'
docdir='${datarootdir}/doc/${PACKAGE_TARNAME}'
dvidir='${docdir}'
exec_prefix='${prefix}'
host='x86_64-w64-mingw32'
host_alias='x86_64-w64-mingw32'
host_cpu='x86_64'
host_os='mingw32'
host_vendor='w64'
htmldir='${docdir}'
includedir='${prefix}/include'
infodir='${datarootdir}/info'
install_sh='${SHELL} /cryptohome/niikoo/Projects/seamlessrdp/ServerExe/install-sh'
libdir='${exec_prefix}/lib'
libexecdir='${exec_prefix}/libexec'
localedir='${datarootdir}/locale'
localstatedir='${prefix}/var'
mandir='${datarootdir}/man'
mkdir_p='$(MKDIR_P)'
oldincludedir='/usr/include'
pdfdir='${docdir}'
prefix='/usr/local'
program_transform_name='s,x,x,'
psdir='${docdir}'
runstatedir='${localstatedir}/run'
sbindir='${exec_prefix}/sbin'
sharedstatedir='${prefix}/com'
sysconfdir='${prefix}/etc'
target_alias=''

## ----------- ##
## confdefs.h. ##
## ----------- ##

/* confdefs.h */
#define PACKAGE_NAME "seamlessrdp"
#define PACKAGE_TARNAME "seamlessrdp"
#define PACKAGE_VERSION "1.0"
#define PACKAGE_STRING "seamlessrdp 1.0"
#define PACKAGE_BUGREPORT "rdesktop-users@lists.sourceforge.net"
#define PACKAGE_URL ""
#define PACKAGE "seamlessrdp"
#define VERSION "1.0"
#define STDC_HEADERS 1
#define HAVE_SYS_TYPES_H 1
#define HAVE_SYS_STAT_H 1
#define HAVE_STDLIB_H 1
#define HAVE_STRING_H 1
#define HAVE_MEMORY_H 1
#define HAVE_STRINGS_H 1
#define HAVE_INTTYPES_H 1
#define HAVE_STDINT_H 1
#define HAVE_UNISTD_H 1
#define LT_OBJDIR ".libs/"

configure: exit 0
